sifive_plic_realize
parse_hart_config
sifive_plic_irq_request, irq=a, level=0, tick=40301
  sifive_plic_set_pending, irq=10, level=0, -!!level=0
  after sifive_plic_set_pending = 0
  sifive_plic_update, plic->num_addrs=2
    sifive_plic_update - set, mode=3
     sifive_plic_claimed addrid=0, plic->bitfield_words=3
        - pending_enabled_not_claimed=0, plic->pending[i]=0, plic->claimed[i]=0, plic->enable[addrid * plic->bitfield_words + i]=0
        - pending_enabled_not_claimed=0, plic->pending[i]=0, plic->claimed[i]=0, plic->enable[addrid * plic->bitfield_words + i]=0
        - pending_enabled_not_claimed=0, plic->pending[i]=0, plic->claimed[i]=0, plic->enable[addrid * plic->bitfield_words + i]=0
    sifive_plic_update - set, mode=1
     sifive_plic_claimed addrid=1, plic->bitfield_words=3
        - pending_enabled_not_claimed=0, plic->pending[i]=0, plic->claimed[i]=0, plic->enable[addrid * plic->bitfield_words + i]=0
        - pending_enabled_not_claimed=0, plic->pending[i]=0, plic->claimed[i]=0, plic->enable[addrid * plic->bitfield_words + i]=0
        - pending_enabled_not_claimed=0, plic->pending[i]=0, plic->claimed[i]=0, plic->enable[addrid * plic->bitfield_words + i]=0
sifive_plic_irq_request, irq=1, level=0, tick=40301
  sifive_plic_set_pending, irq=1, level=0, -!!level=0
  after sifive_plic_set_pending = 0
  sifive_plic_update, plic->num_addrs=2
    sifive_plic_update - set, mode=3
     sifive_plic_claimed addrid=0, plic->bitfield_words=3
        - pending_enabled_not_claimed=0, plic->pending[i]=0, plic->claimed[i]=0, plic->enable[addrid * plic->bitfield_words + i]=0
        - pending_enabled_not_claimed=0, plic->pending[i]=0, plic->claimed[i]=0, plic->enable[addrid * plic->bitfield_words + i]=0
        - pending_enabled_not_claimed=0, plic->pending[i]=0, plic->claimed[i]=0, plic->enable[addrid * plic->bitfield_words + i]=0
    sifive_plic_update - set, mode=1
     sifive_plic_claimed addrid=1, plic->bitfield_words=3
        - pending_enabled_not_claimed=0, plic->pending[i]=0, plic->claimed[i]=0, plic->enable[addrid * plic->bitfield_words + i]=0
        - pending_enabled_not_claimed=0, plic->pending[i]=0, plic->claimed[i]=0, plic->enable[addrid * plic->bitfield_words + i]=0
        - pending_enabled_not_claimed=0, plic->pending[i]=0, plic->claimed[i]=0, plic->enable[addrid * plic->bitfield_words + i]=0
sifive_plic_reset
sifive_plic_irq_request, irq=a, level=0, tick=40301
  sifive_plic_set_pending, irq=10, level=0, -!!level=0
  after sifive_plic_set_pending = 0
  sifive_plic_update, plic->num_addrs=2
    sifive_plic_update - set, mode=3
     sifive_plic_claimed addrid=0, plic->bitfield_words=3
        - pending_enabled_not_claimed=0, plic->pending[i]=0, plic->claimed[i]=0, plic->enable[addrid * plic->bitfield_words + i]=0
        - pending_enabled_not_claimed=0, plic->pending[i]=0, plic->claimed[i]=0, plic->enable[addrid * plic->bitfield_words + i]=0
        - pending_enabled_not_claimed=0, plic->pending[i]=0, plic->claimed[i]=0, plic->enable[addrid * plic->bitfield_words + i]=0
    sifive_plic_update - set, mode=1
     sifive_plic_claimed addrid=1, plic->bitfield_words=3
        - pending_enabled_not_claimed=0, plic->pending[i]=0, plic->claimed[i]=0, plic->enable[addrid * plic->bitfield_words + i]=0
        - pending_enabled_not_claimed=0, plic->pending[i]=0, plic->claimed[i]=0, plic->enable[addrid * plic->bitfield_words + i]=0
        - pending_enabled_not_claimed=0, plic->pending[i]=0, plic->claimed[i]=0, plic->enable[addrid * plic->bitfield_words + i]=0
sifive_plic_irq_request, irq=a, level=1, tick=40301
  sifive_plic_set_pending, irq=10, level=1, -!!level=-1
  after sifive_plic_set_pending = 400
  sifive_plic_update, plic->num_addrs=2
    sifive_plic_update - set, mode=3
     sifive_plic_claimed addrid=0, plic->bitfield_words=3
        - pending_enabled_not_claimed=0, plic->pending[i]=400, plic->claimed[i]=0, plic->enable[addrid * plic->bitfield_words + i]=0
        - pending_enabled_not_claimed=0, plic->pending[i]=0, plic->claimed[i]=0, plic->enable[addrid * plic->bitfield_words + i]=0
        - pending_enabled_not_claimed=0, plic->pending[i]=0, plic->claimed[i]=0, plic->enable[addrid * plic->bitfield_words + i]=0
    sifive_plic_update - set, mode=1
     sifive_plic_claimed addrid=1, plic->bitfield_words=3
        - pending_enabled_not_claimed=0, plic->pending[i]=400, plic->claimed[i]=0, plic->enable[addrid * plic->bitfield_words + i]=0
        - pending_enabled_not_claimed=0, plic->pending[i]=0, plic->claimed[i]=0, plic->enable[addrid * plic->bitfield_words + i]=0
        - pending_enabled_not_claimed=0, plic->pending[i]=0, plic->claimed[i]=0, plic->enable[addrid * plic->bitfield_words + i]=0
sifive_plic_irq_request, irq=a, level=0, tick=40301
  sifive_plic_set_pending, irq=10, level=0, -!!level=0
  after sifive_plic_set_pending = 0
  sifive_plic_update, plic->num_addrs=2
    sifive_plic_update - set, mode=3
     sifive_plic_claimed addrid=0, plic->bitfield_words=3
        - pending_enabled_not_claimed=0, plic->pending[i]=0, plic->claimed[i]=0, plic->enable[addrid * plic->bitfield_words + i]=0
        - pending_enabled_not_claimed=0, plic->pending[i]=0, plic->claimed[i]=0, plic->enable[addrid * plic->bitfield_words + i]=0
        - pending_enabled_not_claimed=0, plic->pending[i]=0, plic->claimed[i]=0, plic->enable[addrid * plic->bitfield_words + i]=0
    sifive_plic_update - set, mode=1
     sifive_plic_claimed addrid=1, plic->bitfield_words=3
        - pending_enabled_not_claimed=0, plic->pending[i]=0, plic->claimed[i]=0, plic->enable[addrid * plic->bitfield_words + i]=0
        - pending_enabled_not_claimed=0, plic->pending[i]=0, plic->claimed[i]=0, plic->enable[addrid * plic->bitfield_words + i]=0
        - pending_enabled_not_claimed=0, plic->pending[i]=0, plic->claimed[i]=0, plic->enable[addrid * plic->bitfield_words + i]=0
sifive_plic_irq_request, irq=a, level=1, tick=40301
  sifive_plic_set_pending, irq=10, level=1, -!!level=-1
  after sifive_plic_set_pending = 400
  sifive_plic_update, plic->num_addrs=2
    sifive_plic_update - set, mode=3
     sifive_plic_claimed addrid=0, plic->bitfield_words=3
        - pending_enabled_not_claimed=0, plic->pending[i]=400, plic->claimed[i]=0, plic->enable[addrid * plic->bitfield_words + i]=0
        - pending_enabled_not_claimed=0, plic->pending[i]=0, plic->claimed[i]=0, plic->enable[addrid * plic->bitfield_words + i]=0
        - pending_enabled_not_claimed=0, plic->pending[i]=0, plic->claimed[i]=0, plic->enable[addrid * plic->bitfield_words + i]=0
    sifive_plic_update - set, mode=1
     sifive_plic_claimed addrid=1, plic->bitfield_words=3
        - pending_enabled_not_claimed=0, plic->pending[i]=400, plic->claimed[i]=0, plic->enable[addrid * plic->bitfield_words + i]=0
        - pending_enabled_not_claimed=0, plic->pending[i]=0, plic->claimed[i]=0, plic->enable[addrid * plic->bitfield_words + i]=0
        - pending_enabled_not_claimed=0, plic->pending[i]=0, plic->claimed[i]=0, plic->enable[addrid * plic->bitfield_words + i]=0
sifive_plic_irq_request, irq=a, level=0, tick=40301
  sifive_plic_set_pending, irq=10, level=0, -!!level=0
  after sifive_plic_set_pending = 0
  sifive_plic_update, plic->num_addrs=2
    sifive_plic_update - set, mode=3
     sifive_plic_claimed addrid=0, plic->bitfield_words=3
        - pending_enabled_not_claimed=0, plic->pending[i]=0, plic->claimed[i]=0, plic->enable[addrid * plic->bitfield_words + i]=0
        - pending_enabled_not_claimed=0, plic->pending[i]=0, plic->claimed[i]=0, plic->enable[addrid * plic->bitfield_words + i]=0
        - pending_enabled_not_claimed=0, plic->pending[i]=0, plic->claimed[i]=0, plic->enable[addrid * plic->bitfield_words + i]=0
    sifive_plic_update - set, mode=1
     sifive_plic_claimed addrid=1, plic->bitfield_words=3
        - pending_enabled_not_claimed=0, plic->pending[i]=0, plic->claimed[i]=0, plic->enable[addrid * plic->bitfield_words + i]=0
        - pending_enabled_not_claimed=0, plic->pending[i]=0, plic->claimed[i]=0, plic->enable[addrid * plic->bitfield_words + i]=0
        - pending_enabled_not_claimed=0, plic->pending[i]=0, plic->claimed[i]=0, plic->enable[addrid * plic->bitfield_words + i]=0
sifive_plic_irq_request, irq=a, level=1, tick=40301
  sifive_plic_set_pending, irq=10, level=1, -!!level=-1
  after sifive_plic_set_pending = 400
  sifive_plic_update, plic->num_addrs=2
    sifive_plic_update - set, mode=3
     sifive_plic_claimed addrid=0, plic->bitfield_words=3
        - pending_enabled_not_claimed=0, plic->pending[i]=400, plic->claimed[i]=0, plic->enable[addrid * plic->bitfield_words + i]=0
        - pending_enabled_not_claimed=0, plic->pending[i]=0, plic->claimed[i]=0, plic->enable[addrid * plic->bitfield_words + i]=0
        - pending_enabled_not_claimed=0, plic->pending[i]=0, plic->claimed[i]=0, plic->enable[addrid * plic->bitfield_words + i]=0
    sifive_plic_update - set, mode=1
     sifive_plic_claimed addrid=1, plic->bitfield_words=3
        - pending_enabled_not_claimed=0, plic->pending[i]=400, plic->claimed[i]=0, plic->enable[addrid * plic->bitfield_words + i]=0
        - pending_enabled_not_claimed=0, plic->pending[i]=0, plic->claimed[i]=0, plic->enable[addrid * plic->bitfield_words + i]=0
        - pending_enabled_not_claimed=0, plic->pending[i]=0, plic->claimed[i]=0, plic->enable[addrid * plic->bitfield_words + i]=0
sifive_plic_irq_request, irq=a, level=0, tick=40301
  sifive_plic_set_pending, irq=10, level=0, -!!level=0
  after sifive_plic_set_pending = 0
  sifive_plic_update, plic->num_addrs=2
    sifive_plic_update - set, mode=3
     sifive_plic_claimed addrid=0, plic->bitfield_words=3
        - pending_enabled_not_claimed=0, plic->pending[i]=0, plic->claimed[i]=0, plic->enable[addrid * plic->bitfield_words + i]=0
        - pending_enabled_not_claimed=0, plic->pending[i]=0, plic->claimed[i]=0, plic->enable[addrid * plic->bitfield_words + i]=0
        - pending_enabled_not_claimed=0, plic->pending[i]=0, plic->claimed[i]=0, plic->enable[addrid * plic->bitfield_words + i]=0
    sifive_plic_update - set, mode=1
     sifive_plic_claimed addrid=1, plic->bitfield_words=3
        - pending_enabled_not_claimed=0, plic->pending[i]=0, plic->claimed[i]=0, plic->enable[addrid * plic->bitfield_words + i]=0
        - pending_enabled_not_claimed=0, plic->pending[i]=0, plic->claimed[i]=0, plic->enable[addrid * plic->bitfield_words + i]=0
        - pending_enabled_not_claimed=0, plic->pending[i]=0, plic->claimed[i]=0, plic->enable[addrid * plic->bitfield_words + i]=0
sifive_plic_irq_request, irq=a, level=1, tick=40301
  sifive_plic_set_pending, irq=10, level=1, -!!level=-1
  after sifive_plic_set_pending = 400
  sifive_plic_update, plic->num_addrs=2
    sifive_plic_update - set, mode=3
     sifive_plic_claimed addrid=0, plic->bitfield_words=3
        - pending_enabled_not_claimed=0, plic->pending[i]=400, plic->claimed[i]=0, plic->enable[addrid * plic->bitfield_words + i]=0
        - pending_enabled_not_claimed=0, plic->pending[i]=0, plic->claimed[i]=0, plic->enable[addrid * plic->bitfield_words + i]=0
        - pending_enabled_not_claimed=0, plic->pending[i]=0, plic->claimed[i]=0, plic->enable[addrid * plic->bitfield_words + i]=0
    sifive_plic_update - set, mode=1
     sifive_plic_claimed addrid=1, plic->bitfield_words=3
        - pending_enabled_not_claimed=0, plic->pending[i]=400, plic->claimed[i]=0, plic->enable[addrid * plic->bitfield_words + i]=0
        - pending_enabled_not_claimed=0, plic->pending[i]=0, plic->claimed[i]=0, plic->enable[addrid * plic->bitfield_words + i]=0
        - pending_enabled_not_claimed=0, plic->pending[i]=0, plic->claimed[i]=0, plic->enable[addrid * plic->bitfield_words + i]=0
sifive_plic_irq_request, irq=a, level=0, tick=40301
  sifive_plic_set_pending, irq=10, level=0, -!!level=0
  after sifive_plic_set_pending = 0
  sifive_plic_update, plic->num_addrs=2
    sifive_plic_update - set, mode=3
     sifive_plic_claimed addrid=0, plic->bitfield_words=3
        - pending_enabled_not_claimed=0, plic->pending[i]=0, plic->claimed[i]=0, plic->enable[addrid * plic->bitfield_words + i]=0
        - pending_enabled_not_claimed=0, plic->pending[i]=0, plic->claimed[i]=0, plic->enable[addrid * plic->bitfield_words + i]=0
        - pending_enabled_not_claimed=0, plic->pending[i]=0, plic->claimed[i]=0, plic->enable[addrid * plic->bitfield_words + i]=0
    sifive_plic_update - set, mode=1
     sifive_plic_claimed addrid=1, plic->bitfield_words=3
        - pending_enabled_not_claimed=0, plic->pending[i]=0, plic->claimed[i]=0, plic->enable[addrid * plic->bitfield_words + i]=0
        - pending_enabled_not_claimed=0, plic->pending[i]=0, plic->claimed[i]=0, plic->enable[addrid * plic->bitfield_words + i]=0
        - pending_enabled_not_claimed=0, plic->pending[i]=0, plic->claimed[i]=0, plic->enable[addrid * plic->bitfield_words + i]=0
sifive_plic_irq_request, irq=a, level=1, tick=40301
  sifive_plic_set_pending, irq=10, level=1, -!!level=-1
  after sifive_plic_set_pending = 400
  sifive_plic_update, plic->num_addrs=2
    sifive_plic_update - set, mode=3
     sifive_plic_claimed addrid=0, plic->bitfield_words=3
        - pending_enabled_not_claimed=0, plic->pending[i]=400, plic->claimed[i]=0, plic->enable[addrid * plic->bitfield_words + i]=0
        - pending_enabled_not_claimed=0, plic->pending[i]=0, plic->claimed[i]=0, plic->enable[addrid * plic->bitfield_words + i]=0
        - pending_enabled_not_claimed=0, plic->pending[i]=0, plic->claimed[i]=0, plic->enable[addrid * plic->bitfield_words + i]=0
    sifive_plic_update - set, mode=1
     sifive_plic_claimed addrid=1, plic->bitfield_words=3
        - pending_enabled_not_claimed=0, plic->pending[i]=400, plic->claimed[i]=0, plic->enable[addrid * plic->bitfield_words + i]=0
        - pending_enabled_not_claimed=0, plic->pending[i]=0, plic->claimed[i]=0, plic->enable[addrid * plic->bitfield_words + i]=0
        - pending_enabled_not_claimed=0, plic->pending[i]=0, plic->claimed[i]=0, plic->enable[addrid * plic->bitfield_words + i]=0
sifive_plic_irq_request, irq=a, level=0, tick=40301
  sifive_plic_set_pending, irq=10, level=0, -!!level=0
  after sifive_plic_set_pending = 0
  sifive_plic_update, plic->num_addrs=2
    sifive_plic_update - set, mode=3
     sifive_plic_claimed addrid=0, plic->bitfield_words=3
        - pending_enabled_not_claimed=0, plic->pending[i]=0, plic->claimed[i]=0, plic->enable[addrid * plic->bitfield_words + i]=0
        - pending_enabled_not_claimed=0, plic->pending[i]=0, plic->claimed[i]=0, plic->enable[addrid * plic->bitfield_words + i]=0
        - pending_enabled_not_claimed=0, plic->pending[i]=0, plic->claimed[i]=0, plic->enable[addrid * plic->bitfield_words + i]=0
    sifive_plic_update - set, mode=1
     sifive_plic_claimed addrid=1, plic->bitfield_words=3
        - pending_enabled_not_claimed=0, plic->pending[i]=0, plic->claimed[i]=0, plic->enable[addrid * plic->bitfield_words + i]=0
        - pending_enabled_not_claimed=0, plic->pending[i]=0, plic->claimed[i]=0, plic->enable[addrid * plic->bitfield_words + i]=0
        - pending_enabled_not_claimed=0, plic->pending[i]=0, plic->claimed[i]=0, plic->enable[addrid * plic->bitfield_words + i]=0
sifive_plic_irq_request, irq=a, level=1, tick=40301
  sifive_plic_set_pending, irq=10, level=1, -!!level=-1
  after sifive_plic_set_pending = 400
  sifive_plic_update, plic->num_addrs=2
    sifive_plic_update - set, mode=3
     sifive_plic_claimed addrid=0, plic->bitfield_words=3
        - pending_enabled_not_claimed=0, plic->pending[i]=400, plic->claimed[i]=0, plic->enable[addrid * plic->bitfield_words + i]=0
        - pending_enabled_not_claimed=0, plic->pending[i]=0, plic->claimed[i]=0, plic->enable[addrid * plic->bitfield_words + i]=0
        - pending_enabled_not_claimed=0, plic->pending[i]=0, plic->claimed[i]=0, plic->enable[addrid * plic->bitfield_words + i]=0
    sifive_plic_update - set, mode=1
     sifive_plic_claimed addrid=1, plic->bitfield_words=3
        - pending_enabled_not_claimed=0, plic->pending[i]=400, plic->claimed[i]=0, plic->enable[addrid * plic->bitfield_words + i]=0
        - pending_enabled_not_claimed=0, plic->pending[i]=0, plic->claimed[i]=0, plic->enable[addrid * plic->bitfield_words + i]=0
        - pending_enabled_not_claimed=0, plic->pending[i]=0, plic->claimed[i]=0, plic->enable[addrid * plic->bitfield_words + i]=0
sifive_plic_irq_request, irq=a, level=0, tick=40301
  sifive_plic_set_pending, irq=10, level=0, -!!level=0
  after sifive_plic_set_pending = 0
  sifive_plic_update, plic->num_addrs=2
    sifive_plic_update - set, mode=3
     sifive_plic_claimed addrid=0, plic->bitfield_words=3
        - pending_enabled_not_claimed=0, plic->pending[i]=0, plic->claimed[i]=0, plic->enable[addrid * plic->bitfield_words + i]=0
        - pending_enabled_not_claimed=0, plic->pending[i]=0, plic->claimed[i]=0, plic->enable[addrid * plic->bitfield_words + i]=0
        - pending_enabled_not_claimed=0, plic->pending[i]=0, plic->claimed[i]=0, plic->enable[addrid * plic->bitfield_words + i]=0
    sifive_plic_update - set, mode=1
     sifive_plic_claimed addrid=1, plic->bitfield_words=3
        - pending_enabled_not_claimed=0, plic->pending[i]=0, plic->claimed[i]=0, plic->enable[addrid * plic->bitfield_words + i]=0
        - pending_enabled_not_claimed=0, plic->pending[i]=0, plic->claimed[i]=0, plic->enable[addrid * plic->bitfield_words + i]=0
        - pending_enabled_not_claimed=0, plic->pending[i]=0, plic->claimed[i]=0, plic->enable[addrid * plic->bitfield_words + i]=0
sifive_plic_irq_request, irq=a, level=1, tick=40301
  sifive_plic_set_pending, irq=10, level=1, -!!level=-1
  after sifive_plic_set_pending = 400
  sifive_plic_update, plic->num_addrs=2
    sifive_plic_update - set, mode=3
     sifive_plic_claimed addrid=0, plic->bitfield_words=3
        - pending_enabled_not_claimed=0, plic->pending[i]=400, plic->claimed[i]=0, plic->enable[addrid * plic->bitfield_words + i]=0
        - pending_enabled_not_claimed=0, plic->pending[i]=0, plic->claimed[i]=0, plic->enable[addrid * plic->bitfield_words + i]=0
        - pending_enabled_not_claimed=0, plic->pending[i]=0, plic->claimed[i]=0, plic->enable[addrid * plic->bitfield_words + i]=0
    sifive_plic_update - set, mode=1
     sifive_plic_claimed addrid=1, plic->bitfield_words=3
        - pending_enabled_not_claimed=0, plic->pending[i]=400, plic->claimed[i]=0, plic->enable[addrid * plic->bitfield_words + i]=0
        - pending_enabled_not_claimed=0, plic->pending[i]=0, plic->claimed[i]=0, plic->enable[addrid * plic->bitfield_words + i]=0
        - pending_enabled_not_claimed=0, plic->pending[i]=0, plic->claimed[i]=0, plic->enable[addrid * plic->bitfield_words + i]=0
sifive_plic_irq_request, irq=a, level=0, tick=40301
  sifive_plic_set_pending, irq=10, level=0, -!!level=0
  after sifive_plic_set_pending = 0
  sifive_plic_update, plic->num_addrs=2
    sifive_plic_update - set, mode=3
     sifive_plic_claimed addrid=0, plic->bitfield_words=3
        - pending_enabled_not_claimed=0, plic->pending[i]=0, plic->claimed[i]=0, plic->enable[addrid * plic->bitfield_words + i]=0
        - pending_enabled_not_claimed=0, plic->pending[i]=0, plic->claimed[i]=0, plic->enable[addrid * plic->bitfield_words + i]=0
        - pending_enabled_not_claimed=0, plic->pending[i]=0, plic->claimed[i]=0, plic->enable[addrid * plic->bitfield_words + i]=0
    sifive_plic_update - set, mode=1
     sifive_plic_claimed addrid=1, plic->bitfield_words=3
        - pending_enabled_not_claimed=0, plic->pending[i]=0, plic->claimed[i]=0, plic->enable[addrid * plic->bitfield_words + i]=0
        - pending_enabled_not_claimed=0, plic->pending[i]=0, plic->claimed[i]=0, plic->enable[addrid * plic->bitfield_words + i]=0
        - pending_enabled_not_claimed=0, plic->pending[i]=0, plic->claimed[i]=0, plic->enable[addrid * plic->bitfield_words + i]=0
sifive_plic_irq_request, irq=a, level=1, tick=40301
  sifive_plic_set_pending, irq=10, level=1, -!!level=-1
  after sifive_plic_set_pending = 400
  sifive_plic_update, plic->num_addrs=2
    sifive_plic_update - set, mode=3
     sifive_plic_claimed addrid=0, plic->bitfield_words=3
        - pending_enabled_not_claimed=0, plic->pending[i]=400, plic->claimed[i]=0, plic->enable[addrid * plic->bitfield_words + i]=0
        - pending_enabled_not_claimed=0, plic->pending[i]=0, plic->claimed[i]=0, plic->enable[addrid * plic->bitfield_words + i]=0
        - pending_enabled_not_claimed=0, plic->pending[i]=0, plic->claimed[i]=0, plic->enable[addrid * plic->bitfield_words + i]=0
    sifive_plic_update - set, mode=1
     sifive_plic_claimed addrid=1, plic->bitfield_words=3
        - pending_enabled_not_claimed=0, plic->pending[i]=400, plic->claimed[i]=0, plic->enable[addrid * plic->bitfield_words + i]=0
        - pending_enabled_not_claimed=0, plic->pending[i]=0, plic->claimed[i]=0, plic->enable[addrid * plic->bitfield_words + i]=0
        - pending_enabled_not_claimed=0, plic->pending[i]=0, plic->claimed[i]=0, plic->enable[addrid * plic->bitfield_words + i]=0
sifive_plic_irq_request, irq=a, level=0, tick=40301
  sifive_plic_set_pending, irq=10, level=0, -!!level=0
  after sifive_plic_set_pending = 0
  sifive_plic_update, plic->num_addrs=2
    sifive_plic_update - set, mode=3
     sifive_plic_claimed addrid=0, plic->bitfield_words=3
        - pending_enabled_not_claimed=0, plic->pending[i]=0, plic->claimed[i]=0, plic->enable[addrid * plic->bitfield_words + i]=0
        - pending_enabled_not_claimed=0, plic->pending[i]=0, plic->claimed[i]=0, plic->enable[addrid * plic->bitfield_words + i]=0
        - pending_enabled_not_claimed=0, plic->pending[i]=0, plic->claimed[i]=0, plic->enable[addrid * plic->bitfield_words + i]=0
    sifive_plic_update - set, mode=1
     sifive_plic_claimed addrid=1, plic->bitfield_words=3
        - pending_enabled_not_claimed=0, plic->pending[i]=0, plic->claimed[i]=0, plic->enable[addrid * plic->bitfield_words + i]=0
        - pending_enabled_not_claimed=0, plic->pending[i]=0, plic->claimed[i]=0, plic->enable[addrid * plic->bitfield_words + i]=0
        - pending_enabled_not_claimed=0, plic->pending[i]=0, plic->claimed[i]=0, plic->enable[addrid * plic->bitfield_words + i]=0
sifive_plic_irq_request, irq=a, level=1, tick=40301
  sifive_plic_set_pending, irq=10, level=1, -!!level=-1
  after sifive_plic_set_pending = 400
  sifive_plic_update, plic->num_addrs=2
    sifive_plic_update - set, mode=3
     sifive_plic_claimed addrid=0, plic->bitfield_words=3
        - pending_enabled_not_claimed=0, plic->pending[i]=400, plic->claimed[i]=0, plic->enable[addrid * plic->bitfield_words + i]=0
        - pending_enabled_not_claimed=0, plic->pending[i]=0, plic->claimed[i]=0, plic->enable[addrid * plic->bitfield_words + i]=0
        - pending_enabled_not_claimed=0, plic->pending[i]=0, plic->claimed[i]=0, plic->enable[addrid * plic->bitfield_words + i]=0
    sifive_plic_update - set, mode=1
     sifive_plic_claimed addrid=1, plic->bitfield_words=3
        - pending_enabled_not_claimed=0, plic->pending[i]=400, plic->claimed[i]=0, plic->enable[addrid * plic->bitfield_words + i]=0
        - pending_enabled_not_claimed=0, plic->pending[i]=0, plic->claimed[i]=0, plic->enable[addrid * plic->bitfield_words + i]=0
        - pending_enabled_not_claimed=0, plic->pending[i]=0, plic->claimed[i]=0, plic->enable[addrid * plic->bitfield_words + i]=0
sifive_plic_irq_request, irq=a, level=0, tick=40301
  sifive_plic_set_pending, irq=10, level=0, -!!level=0
  after sifive_plic_set_pending = 0
  sifive_plic_update, plic->num_addrs=2
    sifive_plic_update - set, mode=3
     sifive_plic_claimed addrid=0, plic->bitfield_words=3
        - pending_enabled_not_claimed=0, plic->pending[i]=0, plic->claimed[i]=0, plic->enable[addrid * plic->bitfield_words + i]=0
        - pending_enabled_not_claimed=0, plic->pending[i]=0, plic->claimed[i]=0, plic->enable[addrid * plic->bitfield_words + i]=0
        - pending_enabled_not_claimed=0, plic->pending[i]=0, plic->claimed[i]=0, plic->enable[addrid * plic->bitfield_words + i]=0
    sifive_plic_update - set, mode=1
     sifive_plic_claimed addrid=1, plic->bitfield_words=3
        - pending_enabled_not_claimed=0, plic->pending[i]=0, plic->claimed[i]=0, plic->enable[addrid * plic->bitfield_words + i]=0
        - pending_enabled_not_claimed=0, plic->pending[i]=0, plic->claimed[i]=0, plic->enable[addrid * plic->bitfield_words + i]=0
        - pending_enabled_not_claimed=0, plic->pending[i]=0, plic->claimed[i]=0, plic->enable[addrid * plic->bitfield_words + i]=0
sifive_plic_irq_request, irq=a, level=1, tick=40301
  sifive_plic_set_pending, irq=10, level=1, -!!level=-1
  after sifive_plic_set_pending = 400
  sifive_plic_update, plic->num_addrs=2
    sifive_plic_update - set, mode=3
     sifive_plic_claimed addrid=0, plic->bitfield_words=3
        - pending_enabled_not_claimed=0, plic->pending[i]=400, plic->claimed[i]=0, plic->enable[addrid * plic->bitfield_words + i]=0
        - pending_enabled_not_claimed=0, plic->pending[i]=0, plic->claimed[i]=0, plic->enable[addrid * plic->bitfield_words + i]=0
        - pending_enabled_not_claimed=0, plic->pending[i]=0, plic->claimed[i]=0, plic->enable[addrid * plic->bitfield_words + i]=0
    sifive_plic_update - set, mode=1
     sifive_plic_claimed addrid=1, plic->bitfield_words=3
        - pending_enabled_not_claimed=0, plic->pending[i]=400, plic->claimed[i]=0, plic->enable[addrid * plic->bitfield_words + i]=0
        - pending_enabled_not_claimed=0, plic->pending[i]=0, plic->claimed[i]=0, plic->enable[addrid * plic->bitfield_words + i]=0
        - pending_enabled_not_claimed=0, plic->pending[i]=0, plic->claimed[i]=0, plic->enable[addrid * plic->bitfield_words + i]=0
sifive_plic_irq_request, irq=a, level=0, tick=40301
  sifive_plic_set_pending, irq=10, level=0, -!!level=0
  after sifive_plic_set_pending = 0
  sifive_plic_update, plic->num_addrs=2
    sifive_plic_update - set, mode=3
     sifive_plic_claimed addrid=0, plic->bitfield_words=3
        - pending_enabled_not_claimed=0, plic->pending[i]=0, plic->claimed[i]=0, plic->enable[addrid * plic->bitfield_words + i]=0
        - pending_enabled_not_claimed=0, plic->pending[i]=0, plic->claimed[i]=0, plic->enable[addrid * plic->bitfield_words + i]=0
        - pending_enabled_not_claimed=0, plic->pending[i]=0, plic->claimed[i]=0, plic->enable[addrid * plic->bitfield_words + i]=0
    sifive_plic_update - set, mode=1
     sifive_plic_claimed addrid=1, plic->bitfield_words=3
        - pending_enabled_not_claimed=0, plic->pending[i]=0, plic->claimed[i]=0, plic->enable[addrid * plic->bitfield_words + i]=0
        - pending_enabled_not_claimed=0, plic->pending[i]=0, plic->claimed[i]=0, plic->enable[addrid * plic->bitfield_words + i]=0
        - pending_enabled_not_claimed=0, plic->pending[i]=0, plic->claimed[i]=0, plic->enable[addrid * plic->bitfield_words + i]=0
sifive_plic_irq_request, irq=a, level=1, tick=40301
  sifive_plic_set_pending, irq=10, level=1, -!!level=-1
  after sifive_plic_set_pending = 400
  sifive_plic_update, plic->num_addrs=2
    sifive_plic_update - set, mode=3
     sifive_plic_claimed addrid=0, plic->bitfield_words=3
        - pending_enabled_not_claimed=0, plic->pending[i]=400, plic->claimed[i]=0, plic->enable[addrid * plic->bitfield_words + i]=0
        - pending_enabled_not_claimed=0, plic->pending[i]=0, plic->claimed[i]=0, plic->enable[addrid * plic->bitfield_words + i]=0
        - pending_enabled_not_claimed=0, plic->pending[i]=0, plic->claimed[i]=0, plic->enable[addrid * plic->bitfield_words + i]=0
    sifive_plic_update - set, mode=1
     sifive_plic_claimed addrid=1, plic->bitfield_words=3
        - pending_enabled_not_claimed=0, plic->pending[i]=400, plic->claimed[i]=0, plic->enable[addrid * plic->bitfield_words + i]=0
        - pending_enabled_not_claimed=0, plic->pending[i]=0, plic->claimed[i]=0, plic->enable[addrid * plic->bitfield_words + i]=0
        - pending_enabled_not_claimed=0, plic->pending[i]=0, plic->claimed[i]=0, plic->enable[addrid * plic->bitfield_words + i]=0
sifive_plic_irq_request, irq=a, level=0, tick=40301
  sifive_plic_set_pending, irq=10, level=0, -!!level=0
  after sifive_plic_set_pending = 0
  sifive_plic_update, plic->num_addrs=2
    sifive_plic_update - set, mode=3
     sifive_plic_claimed addrid=0, plic->bitfield_words=3
        - pending_enabled_not_claimed=0, plic->pending[i]=0, plic->claimed[i]=0, plic->enable[addrid * plic->bitfield_words + i]=0
        - pending_enabled_not_claimed=0, plic->pending[i]=0, plic->claimed[i]=0, plic->enable[addrid * plic->bitfield_words + i]=0
        - pending_enabled_not_claimed=0, plic->pending[i]=0, plic->claimed[i]=0, plic->enable[addrid * plic->bitfield_words + i]=0
    sifive_plic_update - set, mode=1
     sifive_plic_claimed addrid=1, plic->bitfield_words=3
        - pending_enabled_not_claimed=0, plic->pending[i]=0, plic->claimed[i]=0, plic->enable[addrid * plic->bitfield_words + i]=0
        - pending_enabled_not_claimed=0, plic->pending[i]=0, plic->claimed[i]=0, plic->enable[addrid * plic->bitfield_words + i]=0
        - pending_enabled_not_claimed=0, plic->pending[i]=0, plic->claimed[i]=0, plic->enable[addrid * plic->bitfield_words + i]=0
sifive_plic_irq_request, irq=a, level=1, tick=40301
  sifive_plic_set_pending, irq=10, level=1, -!!level=-1
  after sifive_plic_set_pending = 400
  sifive_plic_update, plic->num_addrs=2
    sifive_plic_update - set, mode=3
     sifive_plic_claimed addrid=0, plic->bitfield_words=3
        - pending_enabled_not_claimed=0, plic->pending[i]=400, plic->claimed[i]=0, plic->enable[addrid * plic->bitfield_words + i]=0
        - pending_enabled_not_claimed=0, plic->pending[i]=0, plic->claimed[i]=0, plic->enable[addrid * plic->bitfield_words + i]=0
        - pending_enabled_not_claimed=0, plic->pending[i]=0, plic->claimed[i]=0, plic->enable[addrid * plic->bitfield_words + i]=0
    sifive_plic_update - set, mode=1
     sifive_plic_claimed addrid=1, plic->bitfield_words=3
        - pending_enabled_not_claimed=0, plic->pending[i]=400, plic->claimed[i]=0, plic->enable[addrid * plic->bitfield_words + i]=0
        - pending_enabled_not_claimed=0, plic->pending[i]=0, plic->claimed[i]=0, plic->enable[addrid * plic->bitfield_words + i]=0
        - pending_enabled_not_claimed=0, plic->pending[i]=0, plic->claimed[i]=0, plic->enable[addrid * plic->bitfield_words + i]=0
sifive_plic_irq_request, irq=a, level=0, tick=40301
  sifive_plic_set_pending, irq=10, level=0, -!!level=0
  after sifive_plic_set_pending = 0
  sifive_plic_update, plic->num_addrs=2
    sifive_plic_update - set, mode=3
     sifive_plic_claimed addrid=0, plic->bitfield_words=3
        - pending_enabled_not_claimed=0, plic->pending[i]=0, plic->claimed[i]=0, plic->enable[addrid * plic->bitfield_words + i]=0
        - pending_enabled_not_claimed=0, plic->pending[i]=0, plic->claimed[i]=0, plic->enable[addrid * plic->bitfield_words + i]=0
        - pending_enabled_not_claimed=0, plic->pending[i]=0, plic->claimed[i]=0, plic->enable[addrid * plic->bitfield_words + i]=0
    sifive_plic_update - set, mode=1
     sifive_plic_claimed addrid=1, plic->bitfield_words=3
        - pending_enabled_not_claimed=0, plic->pending[i]=0, plic->claimed[i]=0, plic->enable[addrid * plic->bitfield_words + i]=0
        - pending_enabled_not_claimed=0, plic->pending[i]=0, plic->claimed[i]=0, plic->enable[addrid * plic->bitfield_words + i]=0
        - pending_enabled_not_claimed=0, plic->pending[i]=0, plic->claimed[i]=0, plic->enable[addrid * plic->bitfield_words + i]=0
sifive_plic_irq_request, irq=a, level=1, tick=40301
  sifive_plic_set_pending, irq=10, level=1, -!!level=-1
  after sifive_plic_set_pending = 400
  sifive_plic_update, plic->num_addrs=2
    sifive_plic_update - set, mode=3
     sifive_plic_claimed addrid=0, plic->bitfield_words=3
        - pending_enabled_not_claimed=0, plic->pending[i]=400, plic->claimed[i]=0, plic->enable[addrid * plic->bitfield_words + i]=0
        - pending_enabled_not_claimed=0, plic->pending[i]=0, plic->claimed[i]=0, plic->enable[addrid * plic->bitfield_words + i]=0
        - pending_enabled_not_claimed=0, plic->pending[i]=0, plic->claimed[i]=0, plic->enable[addrid * plic->bitfield_words + i]=0
    sifive_plic_update - set, mode=1
     sifive_plic_claimed addrid=1, plic->bitfield_words=3
        - pending_enabled_not_claimed=0, plic->pending[i]=400, plic->claimed[i]=0, plic->enable[addrid * plic->bitfield_words + i]=0
        - pending_enabled_not_claimed=0, plic->pending[i]=0, plic->claimed[i]=0, plic->enable[addrid * plic->bitfield_words + i]=0
        - pending_enabled_not_claimed=0, plic->pending[i]=0, plic->claimed[i]=0, plic->enable[addrid * plic->bitfield_words + i]=0
sifive_plic_irq_request, irq=a, level=0, tick=40301
  sifive_plic_set_pending, irq=10, level=0, -!!level=0
  after sifive_plic_set_pending = 0
  sifive_plic_update, plic->num_addrs=2
    sifive_plic_update - set, mode=3
     sifive_plic_claimed addrid=0, plic->bitfield_words=3
        - pending_enabled_not_claimed=0, plic->pending[i]=0, plic->claimed[i]=0, plic->enable[addrid * plic->bitfield_words + i]=0
        - pending_enabled_not_claimed=0, plic->pending[i]=0, plic->claimed[i]=0, plic->enable[addrid * plic->bitfield_words + i]=0
        - pending_enabled_not_claimed=0, plic->pending[i]=0, plic->claimed[i]=0, plic->enable[addrid * plic->bitfield_words + i]=0
    sifive_plic_update - set, mode=1
     sifive_plic_claimed addrid=1, plic->bitfield_words=3
        - pending_enabled_not_claimed=0, plic->pending[i]=0, plic->claimed[i]=0, plic->enable[addrid * plic->bitfield_words + i]=0
        - pending_enabled_not_claimed=0, plic->pending[i]=0, plic->claimed[i]=0, plic->enable[addrid * plic->bitfield_words + i]=0
        - pending_enabled_not_claimed=0, plic->pending[i]=0, plic->claimed[i]=0, plic->enable[addrid * plic->bitfield_words + i]=0
sifive_plic_irq_request, irq=a, level=1, tick=40301
  sifive_plic_set_pending, irq=10, level=1, -!!level=-1
  after sifive_plic_set_pending = 400
  sifive_plic_update, plic->num_addrs=2
    sifive_plic_update - set, mode=3
     sifive_plic_claimed addrid=0, plic->bitfield_words=3
        - pending_enabled_not_claimed=0, plic->pending[i]=400, plic->claimed[i]=0, plic->enable[addrid * plic->bitfield_words + i]=0
        - pending_enabled_not_claimed=0, plic->pending[i]=0, plic->claimed[i]=0, plic->enable[addrid * plic->bitfield_words + i]=0
        - pending_enabled_not_claimed=0, plic->pending[i]=0, plic->claimed[i]=0, plic->enable[addrid * plic->bitfield_words + i]=0
    sifive_plic_update - set, mode=1
     sifive_plic_claimed addrid=1, plic->bitfield_words=3
        - pending_enabled_not_claimed=0, plic->pending[i]=400, plic->claimed[i]=0, plic->enable[addrid * plic->bitfield_words + i]=0
        - pending_enabled_not_claimed=0, plic->pending[i]=0, plic->claimed[i]=0, plic->enable[addrid * plic->bitfield_words + i]=0
        - pending_enabled_not_claimed=0, plic->pending[i]=0, plic->claimed[i]=0, plic->enable[addrid * plic->bitfield_words + i]=0
sifive_plic_irq_request, irq=a, level=0, tick=40301
  sifive_plic_set_pending, irq=10, level=0, -!!level=0
  after sifive_plic_set_pending = 0
  sifive_plic_update, plic->num_addrs=2
    sifive_plic_update - set, mode=3
     sifive_plic_claimed addrid=0, plic->bitfield_words=3
        - pending_enabled_not_claimed=0, plic->pending[i]=0, plic->claimed[i]=0, plic->enable[addrid * plic->bitfield_words + i]=0
        - pending_enabled_not_claimed=0, plic->pending[i]=0, plic->claimed[i]=0, plic->enable[addrid * plic->bitfield_words + i]=0
        - pending_enabled_not_claimed=0, plic->pending[i]=0, plic->claimed[i]=0, plic->enable[addrid * plic->bitfield_words + i]=0
    sifive_plic_update - set, mode=1
     sifive_plic_claimed addrid=1, plic->bitfield_words=3
        - pending_enabled_not_claimed=0, plic->pending[i]=0, plic->claimed[i]=0, plic->enable[addrid * plic->bitfield_words + i]=0
        - pending_enabled_not_claimed=0, plic->pending[i]=0, plic->claimed[i]=0, plic->enable[addrid * plic->bitfield_words + i]=0
        - pending_enabled_not_claimed=0, plic->pending[i]=0, plic->claimed[i]=0, plic->enable[addrid * plic->bitfield_words + i]=0
sifive_plic_irq_request, irq=a, level=1, tick=40301
  sifive_plic_set_pending, irq=10, level=1, -!!level=-1
  after sifive_plic_set_pending = 400
  sifive_plic_update, plic->num_addrs=2
    sifive_plic_update - set, mode=3
     sifive_plic_claimed addrid=0, plic->bitfield_words=3
        - pending_enabled_not_claimed=0, plic->pending[i]=400, plic->claimed[i]=0, plic->enable[addrid * plic->bitfield_words + i]=0
        - pending_enabled_not_claimed=0, plic->pending[i]=0, plic->claimed[i]=0, plic->enable[addrid * plic->bitfield_words + i]=0
        - pending_enabled_not_claimed=0, plic->pending[i]=0, plic->claimed[i]=0, plic->enable[addrid * plic->bitfield_words + i]=0
    sifive_plic_update - set, mode=1
     sifive_plic_claimed addrid=1, plic->bitfield_words=3
        - pending_enabled_not_claimed=0, plic->pending[i]=400, plic->claimed[i]=0, plic->enable[addrid * plic->bitfield_words + i]=0
        - pending_enabled_not_claimed=0, plic->pending[i]=0, plic->claimed[i]=0, plic->enable[addrid * plic->bitfield_words + i]=0
        - pending_enabled_not_claimed=0, plic->pending[i]=0, plic->claimed[i]=0, plic->enable[addrid * plic->bitfield_words + i]=0
sifive_plic_irq_request, irq=a, level=0, tick=40301
  sifive_plic_set_pending, irq=10, level=0, -!!level=0
  after sifive_plic_set_pending = 0
  sifive_plic_update, plic->num_addrs=2
    sifive_plic_update - set, mode=3
     sifive_plic_claimed addrid=0, plic->bitfield_words=3
        - pending_enabled_not_claimed=0, plic->pending[i]=0, plic->claimed[i]=0, plic->enable[addrid * plic->bitfield_words + i]=0
        - pending_enabled_not_claimed=0, plic->pending[i]=0, plic->claimed[i]=0, plic->enable[addrid * plic->bitfield_words + i]=0
        - pending_enabled_not_claimed=0, plic->pending[i]=0, plic->claimed[i]=0, plic->enable[addrid * plic->bitfield_words + i]=0
    sifive_plic_update - set, mode=1
     sifive_plic_claimed addrid=1, plic->bitfield_words=3
        - pending_enabled_not_claimed=0, plic->pending[i]=0, plic->claimed[i]=0, plic->enable[addrid * plic->bitfield_words + i]=0
        - pending_enabled_not_claimed=0, plic->pending[i]=0, plic->claimed[i]=0, plic->enable[addrid * plic->bitfield_words + i]=0
        - pending_enabled_not_claimed=0, plic->pending[i]=0, plic->claimed[i]=0, plic->enable[addrid * plic->bitfield_words + i]=0
sifive_plic_irq_request, irq=a, level=1, tick=40301
  sifive_plic_set_pending, irq=10, level=1, -!!level=-1
  after sifive_plic_set_pending = 400
  sifive_plic_update, plic->num_addrs=2
    sifive_plic_update - set, mode=3
     sifive_plic_claimed addrid=0, plic->bitfield_words=3
        - pending_enabled_not_claimed=0, plic->pending[i]=400, plic->claimed[i]=0, plic->enable[addrid * plic->bitfield_words + i]=0
        - pending_enabled_not_claimed=0, plic->pending[i]=0, plic->claimed[i]=0, plic->enable[addrid * plic->bitfield_words + i]=0
        - pending_enabled_not_claimed=0, plic->pending[i]=0, plic->claimed[i]=0, plic->enable[addrid * plic->bitfield_words + i]=0
    sifive_plic_update - set, mode=1
     sifive_plic_claimed addrid=1, plic->bitfield_words=3
        - pending_enabled_not_claimed=0, plic->pending[i]=400, plic->claimed[i]=0, plic->enable[addrid * plic->bitfield_words + i]=0
        - pending_enabled_not_claimed=0, plic->pending[i]=0, plic->claimed[i]=0, plic->enable[addrid * plic->bitfield_words + i]=0
        - pending_enabled_not_claimed=0, plic->pending[i]=0, plic->claimed[i]=0, plic->enable[addrid * plic->bitfield_words + i]=0
sifive_plic_irq_request, irq=a, level=0, tick=40301
  sifive_plic_set_pending, irq=10, level=0, -!!level=0
  after sifive_plic_set_pending = 0
  sifive_plic_update, plic->num_addrs=2
    sifive_plic_update - set, mode=3
     sifive_plic_claimed addrid=0, plic->bitfield_words=3
        - pending_enabled_not_claimed=0, plic->pending[i]=0, plic->claimed[i]=0, plic->enable[addrid * plic->bitfield_words + i]=0
        - pending_enabled_not_claimed=0, plic->pending[i]=0, plic->claimed[i]=0, plic->enable[addrid * plic->bitfield_words + i]=0
        - pending_enabled_not_claimed=0, plic->pending[i]=0, plic->claimed[i]=0, plic->enable[addrid * plic->bitfield_words + i]=0
    sifive_plic_update - set, mode=1
     sifive_plic_claimed addrid=1, plic->bitfield_words=3
        - pending_enabled_not_claimed=0, plic->pending[i]=0, plic->claimed[i]=0, plic->enable[addrid * plic->bitfield_words + i]=0
        - pending_enabled_not_claimed=0, plic->pending[i]=0, plic->claimed[i]=0, plic->enable[addrid * plic->bitfield_words + i]=0
        - pending_enabled_not_claimed=0, plic->pending[i]=0, plic->claimed[i]=0, plic->enable[addrid * plic->bitfield_words + i]=0
sifive_plic_irq_request, irq=a, level=1, tick=40301
  sifive_plic_set_pending, irq=10, level=1, -!!level=-1
  after sifive_plic_set_pending = 400
  sifive_plic_update, plic->num_addrs=2
    sifive_plic_update - set, mode=3
     sifive_plic_claimed addrid=0, plic->bitfield_words=3
        - pending_enabled_not_claimed=0, plic->pending[i]=400, plic->claimed[i]=0, plic->enable[addrid * plic->bitfield_words + i]=0
        - pending_enabled_not_claimed=0, plic->pending[i]=0, plic->claimed[i]=0, plic->enable[addrid * plic->bitfield_words + i]=0
        - pending_enabled_not_claimed=0, plic->pending[i]=0, plic->claimed[i]=0, plic->enable[addrid * plic->bitfield_words + i]=0
    sifive_plic_update - set, mode=1
     sifive_plic_claimed addrid=1, plic->bitfield_words=3
        - pending_enabled_not_claimed=0, plic->pending[i]=400, plic->claimed[i]=0, plic->enable[addrid * plic->bitfield_words + i]=0
        - pending_enabled_not_claimed=0, plic->pending[i]=0, plic->claimed[i]=0, plic->enable[addrid * plic->bitfield_words + i]=0
        - pending_enabled_not_claimed=0, plic->pending[i]=0, plic->claimed[i]=0, plic->enable[addrid * plic->bitfield_words + i]=0
sifive_plic_irq_request, irq=a, level=0, tick=40301
  sifive_plic_set_pending, irq=10, level=0, -!!level=0
  after sifive_plic_set_pending = 0
  sifive_plic_update, plic->num_addrs=2
    sifive_plic_update - set, mode=3
     sifive_plic_claimed addrid=0, plic->bitfield_words=3
        - pending_enabled_not_claimed=0, plic->pending[i]=0, plic->claimed[i]=0, plic->enable[addrid * plic->bitfield_words + i]=0
        - pending_enabled_not_claimed=0, plic->pending[i]=0, plic->claimed[i]=0, plic->enable[addrid * plic->bitfield_words + i]=0
        - pending_enabled_not_claimed=0, plic->pending[i]=0, plic->claimed[i]=0, plic->enable[addrid * plic->bitfield_words + i]=0
    sifive_plic_update - set, mode=1
     sifive_plic_claimed addrid=1, plic->bitfield_words=3
        - pending_enabled_not_claimed=0, plic->pending[i]=0, plic->claimed[i]=0, plic->enable[addrid * plic->bitfield_words + i]=0
        - pending_enabled_not_claimed=0, plic->pending[i]=0, plic->claimed[i]=0, plic->enable[addrid * plic->bitfield_words + i]=0
        - pending_enabled_not_claimed=0, plic->pending[i]=0, plic->claimed[i]=0, plic->enable[addrid * plic->bitfield_words + i]=0
sifive_plic_irq_request, irq=a, level=1, tick=40301
  sifive_plic_set_pending, irq=10, level=1, -!!level=-1
  after sifive_plic_set_pending = 400
  sifive_plic_update, plic->num_addrs=2
    sifive_plic_update - set, mode=3
     sifive_plic_claimed addrid=0, plic->bitfield_words=3
        - pending_enabled_not_claimed=0, plic->pending[i]=400, plic->claimed[i]=0, plic->enable[addrid * plic->bitfield_words + i]=0
        - pending_enabled_not_claimed=0, plic->pending[i]=0, plic->claimed[i]=0, plic->enable[addrid * plic->bitfield_words + i]=0
        - pending_enabled_not_claimed=0, plic->pending[i]=0, plic->claimed[i]=0, plic->enable[addrid * plic->bitfield_words + i]=0
    sifive_plic_update - set, mode=1
     sifive_plic_claimed addrid=1, plic->bitfield_words=3
        - pending_enabled_not_claimed=0, plic->pending[i]=400, plic->claimed[i]=0, plic->enable[addrid * plic->bitfield_words + i]=0
        - pending_enabled_not_claimed=0, plic->pending[i]=0, plic->claimed[i]=0, plic->enable[addrid * plic->bitfield_words + i]=0
        - pending_enabled_not_claimed=0, plic->pending[i]=0, plic->claimed[i]=0, plic->enable[addrid * plic->bitfield_words + i]=0
sifive_plic_irq_request, irq=a, level=0, tick=40301
  sifive_plic_set_pending, irq=10, level=0, -!!level=0
  after sifive_plic_set_pending = 0
  sifive_plic_update, plic->num_addrs=2
    sifive_plic_update - set, mode=3
     sifive_plic_claimed addrid=0, plic->bitfield_words=3
        - pending_enabled_not_claimed=0, plic->pending[i]=0, plic->claimed[i]=0, plic->enable[addrid * plic->bitfield_words + i]=0
        - pending_enabled_not_claimed=0, plic->pending[i]=0, plic->claimed[i]=0, plic->enable[addrid * plic->bitfield_words + i]=0
        - pending_enabled_not_claimed=0, plic->pending[i]=0, plic->claimed[i]=0, plic->enable[addrid * plic->bitfield_words + i]=0
    sifive_plic_update - set, mode=1
     sifive_plic_claimed addrid=1, plic->bitfield_words=3
        - pending_enabled_not_claimed=0, plic->pending[i]=0, plic->claimed[i]=0, plic->enable[addrid * plic->bitfield_words + i]=0
        - pending_enabled_not_claimed=0, plic->pending[i]=0, plic->claimed[i]=0, plic->enable[addrid * plic->bitfield_words + i]=0
        - pending_enabled_not_claimed=0, plic->pending[i]=0, plic->claimed[i]=0, plic->enable[addrid * plic->bitfield_words + i]=0
sifive_plic_irq_request, irq=a, level=1, tick=40301
  sifive_plic_set_pending, irq=10, level=1, -!!level=-1
  after sifive_plic_set_pending = 400
  sifive_plic_update, plic->num_addrs=2
    sifive_plic_update - set, mode=3
     sifive_plic_claimed addrid=0, plic->bitfield_words=3
        - pending_enabled_not_claimed=0, plic->pending[i]=400, plic->claimed[i]=0, plic->enable[addrid * plic->bitfield_words + i]=0
        - pending_enabled_not_claimed=0, plic->pending[i]=0, plic->claimed[i]=0, plic->enable[addrid * plic->bitfield_words + i]=0
        - pending_enabled_not_claimed=0, plic->pending[i]=0, plic->claimed[i]=0, plic->enable[addrid * plic->bitfield_words + i]=0
    sifive_plic_update - set, mode=1
     sifive_plic_claimed addrid=1, plic->bitfield_words=3
        - pending_enabled_not_claimed=0, plic->pending[i]=400, plic->claimed[i]=0, plic->enable[addrid * plic->bitfield_words + i]=0
        - pending_enabled_not_claimed=0, plic->pending[i]=0, plic->claimed[i]=0, plic->enable[addrid * plic->bitfield_words + i]=0
        - pending_enabled_not_claimed=0, plic->pending[i]=0, plic->claimed[i]=0, plic->enable[addrid * plic->bitfield_words + i]=0
sifive_plic_irq_request, irq=a, level=0, tick=40301
  sifive_plic_set_pending, irq=10, level=0, -!!level=0
  after sifive_plic_set_pending = 0
  sifive_plic_update, plic->num_addrs=2
    sifive_plic_update - set, mode=3
     sifive_plic_claimed addrid=0, plic->bitfield_words=3
        - pending_enabled_not_claimed=0, plic->pending[i]=0, plic->claimed[i]=0, plic->enable[addrid * plic->bitfield_words + i]=0
        - pending_enabled_not_claimed=0, plic->pending[i]=0, plic->claimed[i]=0, plic->enable[addrid * plic->bitfield_words + i]=0
        - pending_enabled_not_claimed=0, plic->pending[i]=0, plic->claimed[i]=0, plic->enable[addrid * plic->bitfield_words + i]=0
    sifive_plic_update - set, mode=1
     sifive_plic_claimed addrid=1, plic->bitfield_words=3
        - pending_enabled_not_claimed=0, plic->pending[i]=0, plic->claimed[i]=0, plic->enable[addrid * plic->bitfield_words + i]=0
        - pending_enabled_not_claimed=0, plic->pending[i]=0, plic->claimed[i]=0, plic->enable[addrid * plic->bitfield_words + i]=0
        - pending_enabled_not_claimed=0, plic->pending[i]=0, plic->claimed[i]=0, plic->enable[addrid * plic->bitfield_words + i]=0
sifive_plic_irq_request, irq=a, level=1, tick=40301
  sifive_plic_set_pending, irq=10, level=1, -!!level=-1
  after sifive_plic_set_pending = 400
  sifive_plic_update, plic->num_addrs=2
    sifive_plic_update - set, mode=3
     sifive_plic_claimed addrid=0, plic->bitfield_words=3
        - pending_enabled_not_claimed=0, plic->pending[i]=400, plic->claimed[i]=0, plic->enable[addrid * plic->bitfield_words + i]=0
        - pending_enabled_not_claimed=0, plic->pending[i]=0, plic->claimed[i]=0, plic->enable[addrid * plic->bitfield_words + i]=0
        - pending_enabled_not_claimed=0, plic->pending[i]=0, plic->claimed[i]=0, plic->enable[addrid * plic->bitfield_words + i]=0
    sifive_plic_update - set, mode=1
     sifive_plic_claimed addrid=1, plic->bitfield_words=3
        - pending_enabled_not_claimed=0, plic->pending[i]=400, plic->claimed[i]=0, plic->enable[addrid * plic->bitfield_words + i]=0
        - pending_enabled_not_claimed=0, plic->pending[i]=0, plic->claimed[i]=0, plic->enable[addrid * plic->bitfield_words + i]=0
        - pending_enabled_not_claimed=0, plic->pending[i]=0, plic->claimed[i]=0, plic->enable[addrid * plic->bitfield_words + i]=0
sifive_plic_irq_request, irq=a, level=0, tick=40301
  sifive_plic_set_pending, irq=10, level=0, -!!level=0
  after sifive_plic_set_pending = 0
  sifive_plic_update, plic->num_addrs=2
    sifive_plic_update - set, mode=3
     sifive_plic_claimed addrid=0, plic->bitfield_words=3
        - pending_enabled_not_claimed=0, plic->pending[i]=0, plic->claimed[i]=0, plic->enable[addrid * plic->bitfield_words + i]=0
        - pending_enabled_not_claimed=0, plic->pending[i]=0, plic->claimed[i]=0, plic->enable[addrid * plic->bitfield_words + i]=0
        - pending_enabled_not_claimed=0, plic->pending[i]=0, plic->claimed[i]=0, plic->enable[addrid * plic->bitfield_words + i]=0
    sifive_plic_update - set, mode=1
     sifive_plic_claimed addrid=1, plic->bitfield_words=3
        - pending_enabled_not_claimed=0, plic->pending[i]=0, plic->claimed[i]=0, plic->enable[addrid * plic->bitfield_words + i]=0
        - pending_enabled_not_claimed=0, plic->pending[i]=0, plic->claimed[i]=0, plic->enable[addrid * plic->bitfield_words + i]=0
        - pending_enabled_not_claimed=0, plic->pending[i]=0, plic->claimed[i]=0, plic->enable[addrid * plic->bitfield_words + i]=0
sifive_plic_irq_request, irq=a, level=1, tick=40301
  sifive_plic_set_pending, irq=10, level=1, -!!level=-1
  after sifive_plic_set_pending = 400
  sifive_plic_update, plic->num_addrs=2
    sifive_plic_update - set, mode=3
     sifive_plic_claimed addrid=0, plic->bitfield_words=3
        - pending_enabled_not_claimed=0, plic->pending[i]=400, plic->claimed[i]=0, plic->enable[addrid * plic->bitfield_words + i]=0
        - pending_enabled_not_claimed=0, plic->pending[i]=0, plic->claimed[i]=0, plic->enable[addrid * plic->bitfield_words + i]=0
        - pending_enabled_not_claimed=0, plic->pending[i]=0, plic->claimed[i]=0, plic->enable[addrid * plic->bitfield_words + i]=0
    sifive_plic_update - set, mode=1
     sifive_plic_claimed addrid=1, plic->bitfield_words=3
        - pending_enabled_not_claimed=0, plic->pending[i]=400, plic->claimed[i]=0, plic->enable[addrid * plic->bitfield_words + i]=0
        - pending_enabled_not_claimed=0, plic->pending[i]=0, plic->claimed[i]=0, plic->enable[addrid * plic->bitfield_words + i]=0
        - pending_enabled_not_claimed=0, plic->pending[i]=0, plic->claimed[i]=0, plic->enable[addrid * plic->bitfield_words + i]=0
sifive_plic_irq_request, irq=a, level=0, tick=40301
  sifive_plic_set_pending, irq=10, level=0, -!!level=0
  after sifive_plic_set_pending = 0
  sifive_plic_update, plic->num_addrs=2
    sifive_plic_update - set, mode=3
     sifive_plic_claimed addrid=0, plic->bitfield_words=3
        - pending_enabled_not_claimed=0, plic->pending[i]=0, plic->claimed[i]=0, plic->enable[addrid * plic->bitfield_words + i]=0
        - pending_enabled_not_claimed=0, plic->pending[i]=0, plic->claimed[i]=0, plic->enable[addrid * plic->bitfield_words + i]=0
        - pending_enabled_not_claimed=0, plic->pending[i]=0, plic->claimed[i]=0, plic->enable[addrid * plic->bitfield_words + i]=0
    sifive_plic_update - set, mode=1
     sifive_plic_claimed addrid=1, plic->bitfield_words=3
        - pending_enabled_not_claimed=0, plic->pending[i]=0, plic->claimed[i]=0, plic->enable[addrid * plic->bitfield_words + i]=0
        - pending_enabled_not_claimed=0, plic->pending[i]=0, plic->claimed[i]=0, plic->enable[addrid * plic->bitfield_words + i]=0
        - pending_enabled_not_claimed=0, plic->pending[i]=0, plic->claimed[i]=0, plic->enable[addrid * plic->bitfield_words + i]=0
sifive_plic_irq_request, irq=a, level=1, tick=40301
  sifive_plic_set_pending, irq=10, level=1, -!!level=-1
  after sifive_plic_set_pending = 400
  sifive_plic_update, plic->num_addrs=2
    sifive_plic_update - set, mode=3
     sifive_plic_claimed addrid=0, plic->bitfield_words=3
        - pending_enabled_not_claimed=0, plic->pending[i]=400, plic->claimed[i]=0, plic->enable[addrid * plic->bitfield_words + i]=0
        - pending_enabled_not_claimed=0, plic->pending[i]=0, plic->claimed[i]=0, plic->enable[addrid * plic->bitfield_words + i]=0
        - pending_enabled_not_claimed=0, plic->pending[i]=0, plic->claimed[i]=0, plic->enable[addrid * plic->bitfield_words + i]=0
    sifive_plic_update - set, mode=1
     sifive_plic_claimed addrid=1, plic->bitfield_words=3
        - pending_enabled_not_claimed=0, plic->pending[i]=400, plic->claimed[i]=0, plic->enable[addrid * plic->bitfield_words + i]=0
        - pending_enabled_not_claimed=0, plic->pending[i]=0, plic->claimed[i]=0, plic->enable[addrid * plic->bitfield_words + i]=0
        - pending_enabled_not_claimed=0, plic->pending[i]=0, plic->claimed[i]=0, plic->enable[addrid * plic->bitfield_words + i]=0
sifive_plic_irq_request, irq=a, level=0, tick=40301
  sifive_plic_set_pending, irq=10, level=0, -!!level=0
  after sifive_plic_set_pending = 0
  sifive_plic_update, plic->num_addrs=2
    sifive_plic_update - set, mode=3
     sifive_plic_claimed addrid=0, plic->bitfield_words=3
        - pending_enabled_not_claimed=0, plic->pending[i]=0, plic->claimed[i]=0, plic->enable[addrid * plic->bitfield_words + i]=0
        - pending_enabled_not_claimed=0, plic->pending[i]=0, plic->claimed[i]=0, plic->enable[addrid * plic->bitfield_words + i]=0
        - pending_enabled_not_claimed=0, plic->pending[i]=0, plic->claimed[i]=0, plic->enable[addrid * plic->bitfield_words + i]=0
    sifive_plic_update - set, mode=1
     sifive_plic_claimed addrid=1, plic->bitfield_words=3
        - pending_enabled_not_claimed=0, plic->pending[i]=0, plic->claimed[i]=0, plic->enable[addrid * plic->bitfield_words + i]=0
        - pending_enabled_not_claimed=0, plic->pending[i]=0, plic->claimed[i]=0, plic->enable[addrid * plic->bitfield_words + i]=0
        - pending_enabled_not_claimed=0, plic->pending[i]=0, plic->claimed[i]=0, plic->enable[addrid * plic->bitfield_words + i]=0
sifive_plic_irq_request, irq=a, level=1, tick=40301
  sifive_plic_set_pending, irq=10, level=1, -!!level=-1
  after sifive_plic_set_pending = 400
  sifive_plic_update, plic->num_addrs=2
    sifive_plic_update - set, mode=3
     sifive_plic_claimed addrid=0, plic->bitfield_words=3
        - pending_enabled_not_claimed=0, plic->pending[i]=400, plic->claimed[i]=0, plic->enable[addrid * plic->bitfield_words + i]=0
        - pending_enabled_not_claimed=0, plic->pending[i]=0, plic->claimed[i]=0, plic->enable[addrid * plic->bitfield_words + i]=0
        - pending_enabled_not_claimed=0, plic->pending[i]=0, plic->claimed[i]=0, plic->enable[addrid * plic->bitfield_words + i]=0
    sifive_plic_update - set, mode=1
     sifive_plic_claimed addrid=1, plic->bitfield_words=3
        - pending_enabled_not_claimed=0, plic->pending[i]=400, plic->claimed[i]=0, plic->enable[addrid * plic->bitfield_words + i]=0
        - pending_enabled_not_claimed=0, plic->pending[i]=0, plic->claimed[i]=0, plic->enable[addrid * plic->bitfield_words + i]=0
        - pending_enabled_not_claimed=0, plic->pending[i]=0, plic->claimed[i]=0, plic->enable[addrid * plic->bitfield_words + i]=0
sifive_plic_irq_request, irq=a, level=0, tick=40301
  sifive_plic_set_pending, irq=10, level=0, -!!level=0
  after sifive_plic_set_pending = 0
  sifive_plic_update, plic->num_addrs=2
    sifive_plic_update - set, mode=3
     sifive_plic_claimed addrid=0, plic->bitfield_words=3
        - pending_enabled_not_claimed=0, plic->pending[i]=0, plic->claimed[i]=0, plic->enable[addrid * plic->bitfield_words + i]=0
        - pending_enabled_not_claimed=0, plic->pending[i]=0, plic->claimed[i]=0, plic->enable[addrid * plic->bitfield_words + i]=0
        - pending_enabled_not_claimed=0, plic->pending[i]=0, plic->claimed[i]=0, plic->enable[addrid * plic->bitfield_words + i]=0
    sifive_plic_update - set, mode=1
     sifive_plic_claimed addrid=1, plic->bitfield_words=3
        - pending_enabled_not_claimed=0, plic->pending[i]=0, plic->claimed[i]=0, plic->enable[addrid * plic->bitfield_words + i]=0
        - pending_enabled_not_claimed=0, plic->pending[i]=0, plic->claimed[i]=0, plic->enable[addrid * plic->bitfield_words + i]=0
        - pending_enabled_not_claimed=0, plic->pending[i]=0, plic->claimed[i]=0, plic->enable[addrid * plic->bitfield_words + i]=0
sifive_plic_irq_request, irq=a, level=1, tick=40301
  sifive_plic_set_pending, irq=10, level=1, -!!level=-1
  after sifive_plic_set_pending = 400
  sifive_plic_update, plic->num_addrs=2
    sifive_plic_update - set, mode=3
     sifive_plic_claimed addrid=0, plic->bitfield_words=3
        - pending_enabled_not_claimed=0, plic->pending[i]=400, plic->claimed[i]=0, plic->enable[addrid * plic->bitfield_words + i]=0
        - pending_enabled_not_claimed=0, plic->pending[i]=0, plic->claimed[i]=0, plic->enable[addrid * plic->bitfield_words + i]=0
        - pending_enabled_not_claimed=0, plic->pending[i]=0, plic->claimed[i]=0, plic->enable[addrid * plic->bitfield_words + i]=0
    sifive_plic_update - set, mode=1
     sifive_plic_claimed addrid=1, plic->bitfield_words=3
        - pending_enabled_not_claimed=0, plic->pending[i]=400, plic->claimed[i]=0, plic->enable[addrid * plic->bitfield_words + i]=0
        - pending_enabled_not_claimed=0, plic->pending[i]=0, plic->claimed[i]=0, plic->enable[addrid * plic->bitfield_words + i]=0
        - pending_enabled_not_claimed=0, plic->pending[i]=0, plic->claimed[i]=0, plic->enable[addrid * plic->bitfield_words + i]=0
sifive_plic_irq_request, irq=a, level=0, tick=40301
  sifive_plic_set_pending, irq=10, level=0, -!!level=0
  after sifive_plic_set_pending = 0
  sifive_plic_update, plic->num_addrs=2
    sifive_plic_update - set, mode=3
     sifive_plic_claimed addrid=0, plic->bitfield_words=3
        - pending_enabled_not_claimed=0, plic->pending[i]=0, plic->claimed[i]=0, plic->enable[addrid * plic->bitfield_words + i]=0
        - pending_enabled_not_claimed=0, plic->pending[i]=0, plic->claimed[i]=0, plic->enable[addrid * plic->bitfield_words + i]=0
        - pending_enabled_not_claimed=0, plic->pending[i]=0, plic->claimed[i]=0, plic->enable[addrid * plic->bitfield_words + i]=0
    sifive_plic_update - set, mode=1
     sifive_plic_claimed addrid=1, plic->bitfield_words=3
        - pending_enabled_not_claimed=0, plic->pending[i]=0, plic->claimed[i]=0, plic->enable[addrid * plic->bitfield_words + i]=0
        - pending_enabled_not_claimed=0, plic->pending[i]=0, plic->claimed[i]=0, plic->enable[addrid * plic->bitfield_words + i]=0
        - pending_enabled_not_claimed=0, plic->pending[i]=0, plic->claimed[i]=0, plic->enable[addrid * plic->bitfield_words + i]=0
sifive_plic_irq_request, irq=a, level=1, tick=40301
  sifive_plic_set_pending, irq=10, level=1, -!!level=-1
  after sifive_plic_set_pending = 400
  sifive_plic_update, plic->num_addrs=2
    sifive_plic_update - set, mode=3
     sifive_plic_claimed addrid=0, plic->bitfield_words=3
        - pending_enabled_not_claimed=0, plic->pending[i]=400, plic->claimed[i]=0, plic->enable[addrid * plic->bitfield_words + i]=0
        - pending_enabled_not_claimed=0, plic->pending[i]=0, plic->claimed[i]=0, plic->enable[addrid * plic->bitfield_words + i]=0
        - pending_enabled_not_claimed=0, plic->pending[i]=0, plic->claimed[i]=0, plic->enable[addrid * plic->bitfield_words + i]=0
    sifive_plic_update - set, mode=1
     sifive_plic_claimed addrid=1, plic->bitfield_words=3
        - pending_enabled_not_claimed=0, plic->pending[i]=400, plic->claimed[i]=0, plic->enable[addrid * plic->bitfield_words + i]=0
        - pending_enabled_not_claimed=0, plic->pending[i]=0, plic->claimed[i]=0, plic->enable[addrid * plic->bitfield_words + i]=0
        - pending_enabled_not_claimed=0, plic->pending[i]=0, plic->claimed[i]=0, plic->enable[addrid * plic->bitfield_words + i]=0
